<?xml version="1.0" encoding="UTF-8"?>
<!-- Generated by org.testng.reporters.JUnitReportReporter -->
<testsuite skipped="0" hostname="SURAJKUMAR" name="com.crm.comcast.orgTest.OrganizationTest" tests="2" failures="0" timestamp="2022-01-28T00:35:27 IST" time="30.245" errors="0">
  <testcase name="createOrganizationTest" time="19.138" classname="com.crm.comcast.orgTest.OrganizationTest"/>
  <system-out>
    <![CDATA[Organization created successfully ====>O2 Testscript pass]]>
  </system-out>
  <testcase name="CreateOrgWithIndustriesTypeTest" time="11.107" classname="com.crm.comcast.orgTest.OrganizationTest"/>
  <system-out>
    <![CDATA[Organization created with industry successfully ====>O2 Testscript pass]]>
  </system-out>
</testsuite> <!-- com.crm.comcast.orgTest.OrganizationTest -->
