<?xml version="1.0" encoding="UTF-8"?>
<!-- Generated by org.testng.reporters.JUnitReportReporter -->
<testsuite hostname="SURAJKUMAR" failures="0" tests="1" name="com.crm.comcast.GenericLibrary.Date" time="0.034" errors="0" timestamp="2022-03-09T19:49:54 IST" skipped="0">
  <testcase classname="com.crm.comcast.GenericLibrary.Date" name="date" time="0.034"/>
  <system-out/>
</testsuite> <!-- com.crm.comcast.GenericLibrary.Date -->
