<?xml version="1.0" encoding="UTF-8"?>
<!-- Generated by org.testng.reporters.JUnitReportReporter -->
<testsuite hostname="SURAJKUMAR" failures="0" tests="2" name="com.crm.comcast.orgTest.OrganizationTest" time="21.979" errors="0" timestamp="2022-02-01T16:02:14 IST" skipped="0">
  <testcase classname="com.crm.comcast.orgTest.OrganizationTest" name="CreateOrgWithIndustriesTypeTest" time="12.340"/>
  <system-out>
    <![CDATA[Organization created with industry successfully ====>O2 Testscript pass]]>
  </system-out>
  <testcase classname="com.crm.comcast.orgTest.OrganizationTest" name="createOrganizationTest" time="9.639"/>
  <system-out>
    <![CDATA[Organization created successfully ====>O1 Testscript pass]]>
  </system-out>
</testsuite> <!-- com.crm.comcast.orgTest.OrganizationTest -->
